[LOG] System::create                           : Header version = 2.01.09. Current version = 2.01.09.
[LOG] Manager::init                            : maxchannels = 256 studioflags = 00000006 flags 00000000 extradriverdata 0000000000000000.
[LOG] SystemI::init                            : Initialize version=20109 (115889), maxchannels=256, flags=0x00020000
[LOG] SystemI::setOutputInternal               : Setting output to 'FMOD WASAPI Output'
[LOG] OutputWASAPI::init                       : Mix Format (WAVEFORMATEX): wFormatTag=0xFFFE, nChannels=2, nSamplesPerSec=192000, nAvgBytesPerSec=1536000, nBlockAlign=8, wBitsPerSample=32, cbSize=22.
[LOG] OutputWASAPI::init                       : Mix Format (WAVEFORMATEXTENSIBLE): wValidBitsPerSample=32, dwChannelMask=0x00000003, SubFormat=00000003-0000-0010-8000-00AA00389B71.
[LOG] OutputWASAPI::init                       : Output buffer size: 16384 samples, latency: 0.00ms, period: 10.00ms, DSP buffer: 1024 * 4
[LOG] SystemI::init                            : Output requires a sample rate of 192000Hz, resampling will occur.
[LOG] Thread::initThread                       : Init FMOD stream thread. Affinity: 0x8000000000000003, Priority: 0xFFFF7FFB, Stack Size: 98304, Semaphore: No, Sleep Time: 10, Looping: Yes.
[LOG] Thread::initThread                       : Init FMOD mixer thread. Affinity: 0x8000000000000001, Priority: 0xFFFF7FFA, Stack Size: 81920, Semaphore: No, Sleep Time: 0, Looping: Yes.
[LOG] AsyncManager::init                       : manager 000001BADA6954E8 isAsync 0 updatePeriod 0.02
[LOG] AsyncManager::init                       : done
[LOG] PlaybackSystem::init                     : 
[LOG] Thread::initThread                       : Init FMOD Studio sample load thread. Affinity: 0x8000000000000003, Priority: 0xFFFF7FFD, Stack Size: 98304, Semaphore: No, Sleep Time: 1, Looping: No.
[LOG] PlaybackSystem::init                     : done
[LOG] Thread::initThread                       : Init FMOD Studio bank load thread. Affinity: 0x8000000000000003, Priority: 0xFFFF7FFD, Stack Size: 98304, Semaphore: No, Sleep Time: 1, Looping: No.
[LOG] Manager::init                            : done.
[LOG] Manager::readBank                        : fileversion = 135, compatVersion = 132 (oldest = 44, newest = 135)
[LOG] Manager::readBank                        : fileversion = 135, compatVersion = 132 (oldest = 44, newest = 135)
[LOG] SoundI::release                          :  (000001BA1E94F2B8)
[LOG] SoundI::release                          :     hey 2 (000001BA1E4CEAA8)
[LOG] SoundI::release                          :  (000001BA1E94DE98)
[LOG] SoundI::release                          :     hey 3 (000001BA1E4CF608)
[LOG] SoundI::release                          :  (000001BA1E950B28)
[LOG] SoundI::release                          :     hey 4 (000001BA1E4CC3A8)
[LOG] SoundI::release                          :  (000001BA1E94C908)
[LOG] SoundI::release                          :     hey (000001BA1E4CDF48)
[LOG] SoundI::release                          :  (000001BA1E94E458)
[LOG] SoundI::release                          :     keep goin (000001BA1E4CC6E8)
[LOG] SoundI::release                          :  (000001BA1E94BC18)
[LOG] SoundI::release                          :     whats going on here (000001BA1E4CC068)
[LOG] SoundI::release                          :  (000001BA1E94B208)
[LOG] SoundI::release                          :     car horn 8 (000001BA1E4CEC48)
[LOG] SoundI::release                          :  (000001BA1E94ECF8)
[LOG] SoundI::release                          :     car horn 1 (000001BA1E4CEF88)
[LOG] SoundI::release                          :  (000001BA1E94FB58)
[LOG] SoundI::release                          :     car horn 6 (000001BA1E4CDA68)
[LOG] SoundI::release                          :  (000001BA1E94EFD8)
[LOG] SoundI::release                          :     car horn 7 (000001BA1E4CF468)
[LOG] Thread::callback                         : FMOD Studio update thread finished.
[LOG] Thread::callback                         : FMOD Studio bank load thread finished.
[LOG] Profile::disconnectAll                   : Profiler disconnecting all clients
[LOG] Thread::callback                         : FMOD Studio sample load thread finished.
[LOG] LiveUpdate::release                      : 
[LOG] LiveUpdate::reset                        : Reset connection (reason Disconnected)
[LOG] Thread::callback                         : FMOD stream thread finished.
[LOG] Thread::callback                         : FMOD mixer thread finished.
[LOG] Profile::disconnectAll                   : Profiler disconnecting all clients
[LOG] SystemI::close                           : Closed.
